This is XeTeX, Version 3.1415926-2.5-0.9999.3 (TeX Live 2013/Arch Linux) (format=xelatex 2014.5.14)  14 MAY 2014 21:21
entering extended mode
 restricted \write18 enabled.
 %&-line parsing enabled.
**diploma.tex
(./diploma.tex
LaTeX2e <2011/06/27>
Babel <3.9h> and hyphenation patterns for 78 languages loaded.

! LaTeX Error: File `matmex-diploma-custom.cls' not found.

Type X to quit or <RETURN> to proceed,
or enter new name. (Default extension: cls)

Enter file name: 
! Emergency stop.
<read *> 
         
l.2 \begin
          {document}^^M
End of file on the terminal!

 
Here is how much of TeX's memory you used:
 9 strings out of 493918
 155 string characters out of 6153679
 52197 words of memory out of 5000000
 3431 multiletter control sequences out of 15000+600000
 3640 words of font info for 14 fonts, out of 8000000 for 9000
 1144 hyphenation exceptions out of 8191
 10i,0n,7p,61b,8s stack positions out of 5000i,500n,10000p,200000b,80000s
No pages of output.
